2016-10-28 10:29:20,061 [main] WARN  main org.solrmarc.driver.ThreadedIndexer - ThreadedIndexer at top of loop, shutting down
2016-10-28 10:29:20,061 [main] WARN  main org.solrmarc.driver.ThreadedIndexer - ThreadedIndexer at top of loop, shutting down
2016-10-28 10:29:20,061 [main] WARN  main org.solrmarc.driver.ThreadedIndexer - ThreadedIndexer at top of loop, shutting down
2016-10-28 10:29:20,061 [main] WARN  main org.solrmarc.driver.ThreadedIndexer - ThreadedIndexer at top of loop, shutting down
2016-10-28 10:29:20,061 [main] WARN  main org.solrmarc.driver.ThreadedIndexer - ThreadedIndexer at top of loop, shutting down
2016-10-28 10:29:20,061 [main] WARN  main org.solrmarc.driver.ThreadedIndexer - ThreadedIndexer at top of loop, shutting down
2016-10-28 10:29:20,061 [main] WARN  main org.solrmarc.driver.ThreadedIndexer - ThreadedIndexer at top of loop, shutting down
2016-10-28 10:29:20,061 [main] WARN  main org.solrmarc.driver.ThreadedIndexer - ThreadedIndexer at top of loop, shutting down
2016-10-28 10:29:20,061 [main] WARN  main org.solrmarc.driver.ThreadedIndexer - ThreadedIndexer at top of loop, shutting down
2016-10-28 10:29:20,061 [main] WARN  main org.solrmarc.driver.ThreadedIndexer - ThreadedIndexer at top of loop, shutting down
2016-10-28 10:29:20,061 [main] WARN  main org.solrmarc.driver.ThreadedIndexer - ThreadedIndexer at top of loop, shutting down
2016-10-28 10:29:20,061 [main] WARN  main org.solrmarc.driver.ThreadedIndexer - ThreadedIndexer at top of loop, shutting down
2016-10-28 10:29:20,061 [main] WARN  main org.solrmarc.driver.ThreadedIndexer - ThreadedIndexer at top of loop, shutting down
2016-10-28 10:29:20,061 [main] WARN  main org.solrmarc.driver.ThreadedIndexer - ThreadedIndexer at top of loop, shutting down
2016-10-28 10:29:20,061 [main] WARN  main org.solrmarc.driver.ThreadedIndexer - ThreadedIndexer at top of loop, shutting down
2016-10-28 10:29:20,061 [main] WARN  main org.solrmarc.driver.ThreadedIndexer - ThreadedIndexer at top of loop, shutting down
2016-10-28 10:29:20,061 [main] WARN  main org.solrmarc.driver.ThreadedIndexer - ThreadedIndexer at top of loop, shutting down
2016-10-28 10:29:20,061 [main] WARN  main org.solrmarc.driver.ThreadedIndexer - ThreadedIndexer at top of loop, shutting down
2016-10-28 10:29:20,061 [main] WARN  main org.solrmarc.driver.ThreadedIndexer - ThreadedIndexer at top of loop, shutting down
2016-10-28 10:29:20,061 [main] WARN  main org.solrmarc.driver.ThreadedIndexer - ThreadedIndexer at top of loop, shutting down
2016-10-28 10:29:20,061 [main] WARN  main org.solrmarc.driver.ThreadedIndexer - ThreadedIndexer at top of loop, shutting down
2016-10-28 10:29:20,062 [main] WARN  main org.solrmarc.driver.ThreadedIndexer - ThreadedIndexer at top of loop, shutting down
2016-10-28 10:29:20,062 [main] WARN  main org.solrmarc.driver.ThreadedIndexer - ThreadedIndexer at top of loop, shutting down
2016-10-28 10:29:20,062 [main] WARN  main org.solrmarc.driver.ThreadedIndexer - ThreadedIndexer at top of loop, shutting down
2016-10-28 10:29:20,062 [main] WARN  main org.solrmarc.driver.ThreadedIndexer - ThreadedIndexer at top of loop, shutting down
2016-10-28 10:29:20,062 [main] WARN  main org.solrmarc.driver.ThreadedIndexer - ThreadedIndexer at top of loop, shutting down
2016-10-28 10:29:20,062 [main] WARN  main org.solrmarc.driver.ThreadedIndexer - ThreadedIndexer at top of loop, shutting down
2016-10-28 10:29:20,062 [main] WARN  main org.solrmarc.driver.ThreadedIndexer - ThreadedIndexer at top of loop, shutting down
2016-10-28 10:29:20,062 [main] WARN  main org.solrmarc.driver.ThreadedIndexer - ThreadedIndexer at top of loop, shutting down
2016-10-28 10:29:20,062 [main] WARN  main org.solrmarc.driver.ThreadedIndexer - ThreadedIndexer at top of loop, shutting down
2016-10-28 10:29:20,062 [main] WARN  main org.solrmarc.driver.ThreadedIndexer - ThreadedIndexer at top of loop, shutting down
2016-10-28 10:29:20,062 [main] WARN  main org.solrmarc.driver.ThreadedIndexer - ThreadedIndexer at top of loop, shutting down
2016-10-28 10:29:20,062 [main] WARN  main org.solrmarc.driver.ThreadedIndexer - ThreadedIndexer at top of loop, shutting down
2016-10-28 10:29:20,062 [main] WARN  main org.solrmarc.driver.ThreadedIndexer - ThreadedIndexer at top of loop, shutting down
2016-10-28 10:29:20,062 [main] WARN  main org.solrmarc.driver.ThreadedIndexer - ThreadedIndexer at top of loop, shutting down
2016-10-28 10:29:20,062 [main] WARN  main org.solrmarc.driver.ThreadedIndexer - ThreadedIndexer at top of loop, shutting down
2016-10-28 10:29:20,062 [main] WARN  main org.solrmarc.driver.ThreadedIndexer - ThreadedIndexer at top of loop, shutting down
2016-10-28 10:29:20,062 [main] WARN  main org.solrmarc.driver.ThreadedIndexer - ThreadedIndexer at top of loop, shutting down
2016-10-28 10:29:20,062 [main] WARN  main org.solrmarc.driver.ThreadedIndexer - ThreadedIndexer at top of loop, shutting down
2016-10-28 10:29:20,062 [main] WARN  main org.solrmarc.driver.ThreadedIndexer - ThreadedIndexer at top of loop, shutting down
2016-10-28 10:29:20,062 [main] WARN  main org.solrmarc.driver.ThreadedIndexer - ThreadedIndexer at top of loop, shutting down
2016-10-28 10:29:20,062 [main] WARN  main org.solrmarc.driver.ThreadedIndexer - ThreadedIndexer at top of loop, shutting down
2016-10-28 10:29:20,062 [main] WARN  main org.solrmarc.driver.ThreadedIndexer - ThreadedIndexer at top of loop, shutting down
2016-10-28 10:29:20,062 [main] WARN  main org.solrmarc.driver.ThreadedIndexer - ThreadedIndexer at top of loop, shutting down
2016-10-28 10:29:20,062 [main] WARN  main org.solrmarc.driver.ThreadedIndexer - ThreadedIndexer at top of loop, shutting down
2016-10-28 10:29:20,062 [main] WARN  main org.solrmarc.driver.ThreadedIndexer - ThreadedIndexer at top of loop, shutting down
2016-10-28 10:29:20,062 [main] WARN  main org.solrmarc.driver.ThreadedIndexer - ThreadedIndexer at top of loop, shutting down
2016-10-28 10:29:20,062 [main] WARN  main org.solrmarc.driver.ThreadedIndexer - ThreadedIndexer at top of loop, shutting down
2016-10-28 10:29:20,062 [main] WARN  main org.solrmarc.driver.ThreadedIndexer - ThreadedIndexer at top of loop, shutting down
2016-10-28 10:29:20,062 [main] WARN  main org.solrmarc.driver.ThreadedIndexer - ThreadedIndexer at top of loop, shutting down
2016-10-28 10:29:20,062 [main] WARN  main org.solrmarc.driver.ThreadedIndexer - ThreadedIndexer at top of loop, shutting down
2016-10-28 10:29:20,062 [main] WARN  main org.solrmarc.driver.ThreadedIndexer - ThreadedIndexer at top of loop, shutting down
2016-10-28 10:29:20,062 [main] WARN  main org.solrmarc.driver.ThreadedIndexer - ThreadedIndexer at top of loop, shutting down
2016-10-28 10:29:20,062 [main] WARN  main org.solrmarc.driver.ThreadedIndexer - ThreadedIndexer at top of loop, shutting down
2016-10-28 10:29:20,062 [main] WARN  main org.solrmarc.driver.ThreadedIndexer - ThreadedIndexer at top of loop, shutting down
2016-10-28 10:29:20,062 [main] WARN  main org.solrmarc.driver.ThreadedIndexer - ThreadedIndexer at top of loop, shutting down
2016-10-28 10:29:20,062 [main] WARN  main org.solrmarc.driver.ThreadedIndexer - ThreadedIndexer at top of loop, shutting down
2016-10-28 10:29:20,062 [main] WARN  main org.solrmarc.driver.ThreadedIndexer - ThreadedIndexer at top of loop, shutting down
2016-10-28 10:29:20,063 [main] WARN  main org.solrmarc.driver.ThreadedIndexer - ThreadedIndexer at top of loop, shutting down
2016-10-28 10:29:20,063 [main] WARN  main org.solrmarc.driver.ThreadedIndexer - ThreadedIndexer at top of loop, shutting down
2016-10-28 10:29:20,063 [main] WARN  main org.solrmarc.driver.ThreadedIndexer - ThreadedIndexer at top of loop, shutting down
2016-10-28 10:29:20,063 [main] WARN  main org.solrmarc.driver.ThreadedIndexer - ThreadedIndexer at top of loop, shutting down
2016-10-28 10:29:20,063 [main] WARN  main org.solrmarc.driver.ThreadedIndexer - ThreadedIndexer at top of loop, shutting down
2016-10-28 10:29:20,063 [main] WARN  main org.solrmarc.driver.ThreadedIndexer - ThreadedIndexer at top of loop, shutting down
2016-10-28 10:29:20,063 [main] WARN  main org.solrmarc.driver.ThreadedIndexer - ThreadedIndexer at top of loop, shutting down
2016-10-28 10:29:20,063 [main] WARN  main org.solrmarc.driver.ThreadedIndexer - ThreadedIndexer at top of loop, shutting down
2016-10-28 10:29:20,063 [main] WARN  main org.solrmarc.driver.ThreadedIndexer - ThreadedIndexer at top of loop, shutting down
2016-10-28 10:29:20,063 [main] WARN  main org.solrmarc.driver.ThreadedIndexer - ThreadedIndexer at top of loop, shutting down
2016-10-28 10:29:20,063 [main] WARN  main org.solrmarc.driver.ThreadedIndexer - ThreadedIndexer at top of loop, shutting down
2016-10-28 10:29:20,063 [main] WARN  main org.solrmarc.driver.ThreadedIndexer - ThreadedIndexer at top of loop, shutting down
2016-10-28 10:29:20,063 [main] WARN  main org.solrmarc.driver.ThreadedIndexer - ThreadedIndexer at top of loop, shutting down
2016-10-28 10:29:20,063 [main] WARN  main org.solrmarc.driver.ThreadedIndexer - ThreadedIndexer at top of loop, shutting down
2016-10-28 10:29:20,063 [main] WARN  main org.solrmarc.driver.ThreadedIndexer - ThreadedIndexer at top of loop, shutting down
2016-10-28 10:29:20,063 [main] WARN  main org.solrmarc.driver.ThreadedIndexer - ThreadedIndexer at top of loop, shutting down
2016-10-28 10:29:20,063 [main] WARN  main org.solrmarc.driver.ThreadedIndexer - ThreadedIndexer at top of loop, shutting down
2016-10-28 10:29:20,063 [main] WARN  main org.solrmarc.driver.ThreadedIndexer - ThreadedIndexer at top of loop, shutting down
2016-10-28 10:29:20,063 [main] WARN  main org.solrmarc.driver.ThreadedIndexer - ThreadedIndexer at top of loop, shutting down
2016-10-28 10:29:20,063 [main] WARN  main org.solrmarc.driver.ThreadedIndexer - ThreadedIndexer at top of loop, shutting down
2016-10-28 10:29:20,063 [main] WARN  main org.solrmarc.driver.ThreadedIndexer - ThreadedIndexer at top of loop, shutting down
2016-10-28 10:29:20,063 [main] WARN  main org.solrmarc.driver.ThreadedIndexer - ThreadedIndexer at top of loop, shutting down
2016-10-28 10:29:20,063 [main] WARN  main org.solrmarc.driver.ThreadedIndexer - ThreadedIndexer at top of loop, shutting down
2016-10-28 10:29:20,063 [main] WARN  main org.solrmarc.driver.ThreadedIndexer - ThreadedIndexer at top of loop, shutting down
2016-10-28 10:29:20,063 [main] WARN  main org.solrmarc.driver.ThreadedIndexer - ThreadedIndexer at top of loop, shutting down
2016-10-28 10:29:20,063 [main] WARN  main org.solrmarc.driver.ThreadedIndexer - ThreadedIndexer at top of loop, shutting down
2016-10-28 10:29:20,063 [main] WARN  main org.solrmarc.driver.ThreadedIndexer - ThreadedIndexer at top of loop, shutting down
2016-10-28 10:29:20,063 [main] WARN  main org.solrmarc.driver.ThreadedIndexer - ThreadedIndexer at top of loop, shutting down
2016-10-28 10:29:20,063 [main] WARN  main org.solrmarc.driver.ThreadedIndexer - ThreadedIndexer at top of loop, shutting down
2016-10-28 10:29:20,063 [main] WARN  main org.solrmarc.driver.ThreadedIndexer - ThreadedIndexer at top of loop, shutting down
2016-10-28 10:29:20,063 [main] WARN  main org.solrmarc.driver.ThreadedIndexer - ThreadedIndexer at top of loop, shutting down
2016-10-28 10:29:20,063 [main] WARN  main org.solrmarc.driver.ThreadedIndexer - ThreadedIndexer at top of loop, shutting down
2016-10-28 10:29:20,063 [main] WARN  main org.solrmarc.driver.ThreadedIndexer - ThreadedIndexer at top of loop, shutting down
2016-10-28 10:29:20,063 [main] WARN  main org.solrmarc.driver.ThreadedIndexer - ThreadedIndexer at top of loop, shutting down
2016-10-28 10:29:20,063 [main] WARN  main org.solrmarc.driver.ThreadedIndexer - ThreadedIndexer at top of loop, shutting down
2016-10-28 10:29:20,063 [main] WARN  main org.solrmarc.driver.ThreadedIndexer - ThreadedIndexer at top of loop, shutting down
2016-10-28 10:29:20,063 [main] WARN  main org.solrmarc.driver.ThreadedIndexer - ThreadedIndexer at top of loop, shutting down
2016-10-28 10:29:20,064 [main] WARN  main org.solrmarc.driver.ThreadedIndexer - ThreadedIndexer at top of loop, shutting down
2016-10-28 10:29:20,064 [main] WARN  main org.solrmarc.driver.ThreadedIndexer - ThreadedIndexer at top of loop, shutting down
2016-10-28 10:29:20,064 [main] WARN  main org.solrmarc.driver.ThreadedIndexer - ThreadedIndexer at top of loop, shutting down
2016-10-28 10:29:20,064 [main] WARN  main org.solrmarc.driver.ThreadedIndexer - ThreadedIndexer at top of loop, shutting down
2016-10-28 10:29:20,064 [main] WARN  main org.solrmarc.driver.ThreadedIndexer - ThreadedIndexer at top of loop, shutting down
2016-10-28 10:29:20,064 [main] WARN  main org.solrmarc.driver.ThreadedIndexer - ThreadedIndexer at top of loop, shutting down
2016-10-28 10:29:20,064 [main] WARN  main org.solrmarc.driver.ThreadedIndexer - ThreadedIndexer at top of loop, shutting down
2016-10-28 10:29:20,064 [main] WARN  main org.solrmarc.driver.ThreadedIndexer - ThreadedIndexer at top of loop, shutting down
2016-10-28 10:29:20,064 [main] WARN  main org.solrmarc.driver.ThreadedIndexer - ThreadedIndexer at top of loop, shutting down
2016-10-28 10:29:20,064 [main] WARN  main org.solrmarc.driver.ThreadedIndexer - ThreadedIndexer at top of loop, shutting down
2016-10-28 10:29:20,064 [main] WARN  main org.solrmarc.driver.ThreadedIndexer - ThreadedIndexer at top of loop, shutting down
2016-10-28 10:29:20,064 [main] WARN  main org.solrmarc.driver.ThreadedIndexer - ThreadedIndexer at top of loop, shutting down
2016-10-28 10:29:20,064 [main] WARN  main org.solrmarc.driver.ThreadedIndexer - ThreadedIndexer at top of loop, shutting down
2016-10-28 10:29:20,064 [main] WARN  main org.solrmarc.driver.ThreadedIndexer - ThreadedIndexer at top of loop, shutting down
2016-10-28 10:29:20,064 [main] WARN  main org.solrmarc.driver.ThreadedIndexer - ThreadedIndexer at top of loop, shutting down
2016-10-28 10:29:20,064 [main] WARN  main org.solrmarc.driver.ThreadedIndexer - ThreadedIndexer at top of loop, shutting down
2016-10-28 10:29:20,064 [main] WARN  main org.solrmarc.driver.ThreadedIndexer - ThreadedIndexer at top of loop, shutting down
2016-10-28 10:29:20,064 [main] WARN  main org.solrmarc.driver.ThreadedIndexer - ThreadedIndexer at top of loop, shutting down
2016-10-28 10:29:20,064 [main] WARN  main org.solrmarc.driver.ThreadedIndexer - ThreadedIndexer at top of loop, shutting down
2016-10-28 10:29:20,064 [main] WARN  main org.solrmarc.driver.ThreadedIndexer - ThreadedIndexer at top of loop, shutting down
2016-10-28 10:29:20,064 [main] WARN  main org.solrmarc.driver.ThreadedIndexer - ThreadedIndexer at top of loop, shutting down
2016-10-28 10:29:20,064 [main] WARN  main org.solrmarc.driver.ThreadedIndexer - ThreadedIndexer at top of loop, shutting down
2016-10-28 10:29:20,064 [main] WARN  main org.solrmarc.driver.ThreadedIndexer - ThreadedIndexer at top of loop, shutting down
2016-10-28 10:29:20,064 [main] WARN  main org.solrmarc.driver.ThreadedIndexer - ThreadedIndexer at top of loop, shutting down
2016-10-28 10:29:20,064 [main] WARN  main org.solrmarc.driver.ThreadedIndexer - ThreadedIndexer at top of loop, shutting down
2016-10-28 10:29:20,064 [main] WARN  main org.solrmarc.driver.ThreadedIndexer - ThreadedIndexer at top of loop, shutting down
2016-10-28 10:29:20,064 [main] WARN  main org.solrmarc.driver.ThreadedIndexer - ThreadedIndexer at top of loop, shutting down
2016-10-28 10:29:20,064 [main] WARN  main org.solrmarc.driver.ThreadedIndexer - ThreadedIndexer at top of loop, shutting down
2016-10-28 10:29:20,064 [main] WARN  main org.solrmarc.driver.ThreadedIndexer - ThreadedIndexer at top of loop, shutting down
2016-10-28 10:29:20,064 [main] WARN  main org.solrmarc.driver.ThreadedIndexer - ThreadedIndexer at top of loop, shutting down
2016-10-28 10:29:20,064 [main] WARN  main org.solrmarc.driver.ThreadedIndexer - ThreadedIndexer at top of loop, shutting down
2016-10-28 10:29:20,064 [main] WARN  main org.solrmarc.driver.ThreadedIndexer - ThreadedIndexer at top of loop, shutting down
2016-10-28 10:29:20,064 [main] WARN  main org.solrmarc.driver.ThreadedIndexer - ThreadedIndexer at top of loop, shutting down
2016-10-28 10:29:20,064 [main] WARN  main org.solrmarc.driver.ThreadedIndexer - ThreadedIndexer at top of loop, shutting down
2016-10-28 10:29:20,064 [main] WARN  main org.solrmarc.driver.ThreadedIndexer - ThreadedIndexer at top of loop, shutting down
2016-10-28 10:29:20,064 [main] WARN  main org.solrmarc.driver.ThreadedIndexer - ThreadedIndexer at top of loop, shutting down
2016-10-28 10:29:20,064 [main] WARN  main org.solrmarc.driver.ThreadedIndexer - ThreadedIndexer at top of loop, shutting down
2016-10-28 10:29:20,065 [main] WARN  main org.solrmarc.driver.ThreadedIndexer - ThreadedIndexer at top of loop, shutting down
2016-10-28 10:29:20,065 [main] WARN  main org.solrmarc.driver.ThreadedIndexer - ThreadedIndexer at top of loop, shutting down
2016-10-28 10:29:20,065 [main] WARN  main org.solrmarc.driver.ThreadedIndexer - ThreadedIndexer at top of loop, shutting down
2016-10-28 10:29:20,065 [main] WARN  main org.solrmarc.driver.ThreadedIndexer - ThreadedIndexer at top of loop, shutting down
2016-11-09 10:57:59,762 [main] INFO  main org.solrmarc.index.indexer.ValueIndexerFactory - Using directory: /usr/local/vufind/import/index_java as location of java sources
2016-11-09 10:58:00,688 [main] DEBUG main org.solrmarc.solr.SolrCoreLoader - Found Solrj class org.apache.solr.client.solrj.impl.HttpSolrClient
2016-11-09 10:58:00,885 [main] INFO  main org.solrmarc.driver.IndexDriver - Reading and compiling index specifications: marc.properties, marc_local.properties
2016-11-09 10:58:01,020 [main] INFO  main org.solrmarc.driver.IndexDriver - Opening input files: [/usr/local/vufind/mm21.mrc]
2016-11-09 11:35:57,300 [Thread-1] INFO  Thread-1 org.solrmarc.driver.IndexDriver - Starting Shutdown hook
2016-11-09 11:35:57,301 [Thread-1] INFO  Thread-1 org.solrmarc.driver.IndexDriver - Stopping main indexer loop
2016-11-09 11:35:57,302 [Thread-1] WARN  Thread-1 org.solrmarc.driver.ThreadedIndexer - ThreadedIndexer ShutDown Called!
2016-11-09 11:35:57,302 [main] WARN  main org.solrmarc.driver.ThreadedIndexer - ThreadedIndexer Interrupted!
2016-11-09 11:35:57,303 [main] WARN  main org.solrmarc.driver.ThreadedIndexer - ThreadedIndexer at top of loop, shutting down
2016-11-09 11:35:57,304 [main] WARN  main org.solrmarc.driver.ThreadedIndexer - ThreadedIndexer exited main while loop
2016-11-09 11:35:57,304 [RecordIndexer-Thread-0] WARN  RecordIndexer-Thread-0 org.solrmarc.driver.IndexerWorker - Interrupted while waiting for a record to appear in the read queue.
2016-11-09 11:35:57,305 [main] INFO  main org.solrmarc.driver.ThreadedIndexer - Done with all indexing, finishing writing records to solr
2016-11-09 11:35:57,306 [main] INFO  main org.solrmarc.driver.ThreadedIndexer - Done writing records to solr
2016-11-09 11:35:57,307 [Thread-1] WARN  Thread-1 org.solrmarc.driver.ThreadedIndexer - ThreadedIndexer ShutDown Exits
2016-11-09 11:35:57,307 [main] INFO  main org.solrmarc.driver.Indexer - Commiting updates to Solr
2016-11-09 11:35:57,410 [main] INFO  main org.solrmarc.driver.IndexDriver - 0 records read
2016-11-09 11:35:57,411 [main] INFO  main org.solrmarc.driver.IndexDriver - 0 records indexed  and 
2016-11-09 11:35:57,412 [main] INFO  main org.solrmarc.driver.IndexDriver - 0 records sent to Solr in 37 minutes 56.28 seconds
2016-11-09 11:35:59,308 [Thread-1] INFO  Thread-1 org.solrmarc.driver.IndexDriver - Finished Shutdown hook
2016-11-09 12:27:23,351 [main] INFO  main org.solrmarc.index.indexer.ValueIndexerFactory - Using directory: /usr/local/vufind/import/index_java as location of java sources
2016-11-09 12:27:23,873 [main] DEBUG main org.solrmarc.solr.SolrCoreLoader - Found Solrj class org.apache.solr.client.solrj.impl.HttpSolrClient
2016-11-09 12:27:24,117 [main] INFO  main org.solrmarc.driver.IndexDriver - Reading and compiling index specifications: marc.properties, marc_local.properties
2016-11-09 12:27:24,203 [main] INFO  main org.solrmarc.driver.IndexDriver - Opening input files: [/usr/local/vufind/mrk.mrc]
2016-11-09 12:27:24,385 [main] INFO  main org.solrmarc.driver.ThreadedIndexer - Done with all indexing, finishing writing records to solr
2016-11-09 12:27:24,524 [main] INFO  main org.solrmarc.driver.ThreadedIndexer - Done writing records to solr
2016-11-09 12:27:24,525 [main] INFO  main org.solrmarc.driver.Indexer - Commiting updates to Solr
2016-11-09 12:27:24,594 [main] INFO  main org.solrmarc.driver.IndexDriver - 1 records read
2016-11-09 12:27:24,595 [main] INFO  main org.solrmarc.driver.IndexDriver - 1 records indexed  and 
2016-11-09 12:27:24,595 [main] INFO  main org.solrmarc.driver.IndexDriver - 1 records sent to Solr in 0.31 seconds
